\o Program:		@(#)$CDS: libManager version 6.1.7 - CAT35 04/24/2018 23:59 (sjfhw300) $
\o Sub version:		sub-version  s201 
\o Arguments:		-mpssession virtuoso156343 -mpshost mearh18.isim.intra 
\o Working Directory:	mearh18.isim.intra:/home/pedro.martins-basso/Bureau/cia3
\o 64-bit offsets
\o Qt version: 		4.8.5
\o Log file is "/home/pedro.martins-basso/Bureau/cia3/libManager.log".
\o Opening libManager window.
\a nrSetCurrentWindow(cdsLibManager)
\a nrResizeWindow(cdsLibManager list(0 24 1908 999))
\o changeWorkingDir("/home/pedro.martins-basso/Bureau/cia3") unnecessary.
\o ddSetForcedLib("") unnecessary.
\o MPS service: map window
\o Library Manager customization server connected.
\a nrSetCurrentWindow(cdsLibManager)
\a cdsLibManager->FileNewLibButton->value = t
\a nrSetWindowVisibility(NewLibShell "show")
\a NewLibShell->QLineEdit2->value = "/home/pedro.martins-basso/Bureau/cia3/"
\a nrSetCurrentWindow(NewLibShell)
\a nrSetCurrentWindow(NewLibShell->subDialog)
\a nrResizeWindow(NewLibShell list(701 197 507 559))
\a NewLibShell->newLibNameText->value = "project_CIA3"
\a NewLibShell->newLibOKButton->value = t
\a NewLibShell->subDialog->value = '("/home/pedro.martins-basso/Bureau/cia3" "/home/pedro.martins-basso/Bureau/cia3/")
\a nrSetWindowVisibility(workingDialogForm "show")
\o Created new library "project_CIA3" at /home/pedro.martins-basso/Bureau/cia3/project_CIA3.
\a nrSetCurrentWindow(workingDialogForm)
\a nrSetCurrentWindow(cdsLibManager)
\a nrResizeWindow(workingDialogForm list(6 27 310 132))
\a nrSetCurrentWindow(cdsLibManager)
\o DB was auto refreshed.
\a nrSetCurrentWindow(cdsLibManager)
\a cdsLibManager->libListBox->value = "project_CIA3"
\a cdsLibManager->libLineEdit->value = "project_CIA3"
\a nrListItemAction(cdsLibManager->libListBox "project_CIA3" 0)
\a cdsLibManager->FileNewCVButton->value = t
\a nrSetCurrentWindow(cdsLibManager)
\a nrSetCurrentWindow(cdsLibManager)
\a nrResizeWindow(cdsLibManager list(0 60 1908 999))
\a nrSetCurrentWindow(cdsLibManager)
\o MPS service: shutdown
\o libManager is exiting.
\a nrSetWindowVisibility(cdsLibManager "hide")
\a exit(0)
